2013-03-25 06:53:53 kjhenyo21 sent a confirmation message to Kristian Lora at 09336925206 with Ref. No. 8359 on OR No. 6263 amounting to Php33
2013-03-25 06:57:23 Kristian Lora(09336925206) replied 'yes' on Ref. No. 8359
2013-03-25 7:05:17 kjhenyo21 ignored message with Ref. No. 8359
2013-03-25 07:09:14 confirmed message with Ref. No. 8359
2013-03-25 7:11:00 kjhenyo21 ignored message with Ref. No. 8359
2013-03-25 07:11:14 kjhenyo21 confirmed message with Ref. No. 8359
2013-03-25 7:12:02 kjhenyo21 deleted message with Ref. No. 8359
2013-03-25 07:48:22 kjhenyo21 sent a confirmation message to Karl Arevalo at 09332567821 with Ref. No. 2683 on OR No. 6264 amounting to Php5
2013-03-25 07:50:28 Karl Arevalo(09332567821) replied 'no' on Ref. No. 2683
2013-03-25 7:51:10 kjhenyo21 ignored message with Ref. No. 2683
2013-03-25 7:51:34 kjhenyo21 ignored message with Ref. No. 2683
2013-03-25 07:53:03 kjhenyo21 confirmed message with Ref. No. 2683
2013-03-25 7:56:21 kjhenyo21 cleared messages archive
2013-03-25 11:46:06 kjhenyo21 sent a confirmation message to Elaine Pahang at 09332567821 with Ref. No. 7214 on OR No. 6259 amounting to Php99.5
2013-03-27 15:00:18 admin sent a confirmation message to Kristian Lora at 09336925206 with Ref. No. 3600 on OR No. 6263 amounting to Php33
2013-03-27
2013-03-27 15:00:10 admin ignored message with Ref. No. 3600
2013-03-27 15:00:10 admin ignored message with Ref. No. 3600
2013-03-27 15:04:18 admin confirmed message with Ref. No. 3600
2013-03-27 15:09:46 admin sent a confirmation message to Kristian Lora at 09336925206 with Ref. No. 4073 on OR No. 6263 amounting to Php33
2013-03-27
2013-03-27 15:09:37 admin ignored message with Ref. No. 4073
2013-03-27 15:16:43 Kristian Lora(09336925206) replied 'yes' on Ref. No. 4073
2013-03-27 15:18:01 admin confirmed message with Ref. No. 4073
2013-03-27 15:18:11 admin sent a confirmation message to Kristian Lora at 09336925206 with Ref. No. 5317 on OR No. 6263 amounting to Php33
2013-03-27
2013-03-27 15:20:48 admin confirmed message with Ref. No. 5317
2013-03-27 15:24:45 admin confirmed message with Ref. No. 5317
2013-03-27 17:38:35 admin sent a confirmation message to Bureau of Internal Revenue at 09336925206 with Ref. No. 7785 on OR No. 54773 amounting to Php1000
2013-03-27 18:11:49 admin sent a confirmation message to Arle Casinto at 09277217911 with Ref. No. 4677 on OR No. 86 amounting to Php11460
2013-03-27 18:11:36 admin ignored message with Ref. No. 4677
2013-03-28 01:38:21 admin confirmed message with Ref. No. 4677
2013-03-28 01:38:45 admin confirmed message with Ref. No. 4677
2013-03-28 16:31:35 admin sent a confirmation message to Yvette Doyongan at 09179414753 with Ref. No. 3599 on OR No. 6254 amounting to Php36